2024/10/07 20:46:14 Logger initialized
2024/10/07 20:46:14 Процесс запущен
2024/10/07 20:46:23 Count: 10, mean: 0.3061748568485555, stdDev: 0.30699285675804466 

2024/10/07 20:46:33 Count: 20, mean: 0.28414518310290054, stdDev: 0.293107633901423 

2024/10/07 20:46:43 Count: 30, mean: 0.26962517438632383, stdDev: 0.284374828159352 

2024/10/07 20:46:53 Count: 40, mean: 0.24329739197005912, stdDev: 0.32652991974216977 

2024/10/07 20:46:53 Аномалия успешно сохранена в ID: 79
2024/10/07 20:47:03 Count: 50, mean: 0.2582032841935125, stdDev: 0.3246146862287584 

2024/10/07 20:47:10 Аномалия успешно сохранена в ID: 80
2024/10/07 20:47:12 Аномалия успешно сохранена в ID: 81
2024/10/07 20:47:13 Count: 60, mean: 0.22174552678210654, stdDev: 0.3373344752085611 

2024/10/07 20:47:22 Аномалия успешно сохранена в ID: 82
2024/10/07 20:47:23 Count: 70, mean: 0.2585811692980971, stdDev: 0.36514607551031186 

2024/10/07 20:47:26 Аномалия успешно сохранена в ID: 83
2024/10/07 20:47:33 Count: 80, mean: 0.27356357542839366, stdDev: 0.39429691517399185 

2024/10/07 20:47:43 Count: 90, mean: 0.2552801959732765, stdDev: 0.3850881998003441 

2024/10/07 20:47:44 Аномалия успешно сохранена в ID: 84
2024/10/07 20:47:53 Count: 100, mean: 0.24238386421849323, stdDev: 0.3874495682544484 

2024/10/07 20:48:03 Count: 110, mean: 0.23164594747227749, stdDev: 0.39942752386959657 

2024/10/07 20:48:05 Аномалия успешно сохранена в ID: 85
2024/10/07 20:48:11 1Count: 117, mean: 0.24, stdDev: 0.40 

2024/10/07 20:48:11 Сервер пекратил работу: rpc error: code = Unavailable desc = error reading from server: EOF
2024/10/07 20:48:11 Клиент прекращает работу
2024/10/07 20:51:05 Logger initialized
2024/10/07 20:51:05 Ошибка подключения к базе данных: failed to connect to `user=postgres database=postgres`: 127.0.0.1:5432 (127.0.0.1): dial error: dial tcp 127.0.0.1:5432: connect: connection refused
2024/10/07 20:51:05 Error DB: failed to connect to `user=postgres database=postgres`: 127.0.0.1:5432 (127.0.0.1): dial error: dial tcp 127.0.0.1:5432: connect: connection refused
2024/10/07 20:51:05 Клиент прекращает работу

